CRITICAL - 2024-03-19 08:14:49 --> CodeIgniter\Exceptions\FrameworkException: The framework needs the following extension(s) installed and loaded: intl.
in SYSTEMPATH\CodeIgniter.php on line 252.
 1 SYSTEMPATH\CodeIgniter.php(252): CodeIgniter\Exceptions\FrameworkException::forMissingExtension('intl')
 2 SYSTEMPATH\CodeIgniter.php(214): CodeIgniter\CodeIgniter->resolvePlatformExtensions()
 3 ROOTPATH\spark(88): CodeIgniter\CodeIgniter->initialize()
CRITICAL - 2024-03-19 08:14:49 --> ErrorException: Uncaught Error: Class "Locale" not found in C:\Users\gunktp14\Desktop\codeigniter4-framework-7d393f8\system\I18n\TimeTrait.php:74
Stack trace:
#0 C:\Users\gunktp14\Desktop\codeigniter4-framework-7d393f8\system\I18n\TimeTrait.php(115): CodeIgniter\I18n\Time->__construct(NULL, NULL, NULL)
#1 C:\Users\gunktp14\Desktop\codeigniter4-framework-7d393f8\system\HTTP\ResponseTrait.php(468): CodeIgniter\I18n\Time::now()
#2 C:\Users\gunktp14\Desktop\codeigniter4-framework-7d393f8\system\HTTP\ResponseTrait.php(446): CodeIgniter\HTTP\Response->sendHeaders()
#3 C:\Users\gunktp14\Desktop\codeigniter4-framework-7d393f8\system\Debug\ExceptionHandler.php(81): CodeIgniter\HTTP\Response->send()
#4 C:\Users\gunktp14\Desktop\codeigniter4-framework-7d393f8\system\Debug\Exceptions.php(156): CodeIgniter\Debug\ExceptionHandler->handle(Object(CodeIgniter\Exceptions\FrameworkException), Object(CodeIgniter\HTTP\IncomingRequest), Object(CodeIgniter\HTTP\Response), 500, 1)
#5 [internal function]: CodeIgniter\Debug\Exceptions->exceptionHandler(Object(CodeIgniter\Exceptions\FrameworkException))
#6 {main}
  thrown
【Previous Exception】
CodeIgniter\Exceptions\FrameworkException
The framework needs the following extension(s) installed and loaded: intl.
#0 C:\Users\gunktp14\Desktop\codeigniter4-framework-7d393f8\system\CodeIgniter.php(252): CodeIgniter\Exceptions\FrameworkException::forMissingExtension('intl')
#1 C:\Users\gunktp14\Desktop\codeigniter4-framework-7d393f8\system\CodeIgniter.php(214): CodeIgniter\CodeIgniter->resolvePlatformExtensions()
#2 C:\Users\gunktp14\Desktop\codeigniter4-framework-7d393f8\spark(88): CodeIgniter\CodeIgniter->initialize()
#3 {main}
in SYSTEMPATH\I18n\TimeTrait.php on line 74.
 1 [internal function]: CodeIgniter\Debug\Exceptions->shutdownHandler()
CRITICAL - 2024-03-19 08:16:00 --> CodeIgniter\Exceptions\FrameworkException: The framework needs the following extension(s) installed and loaded: intl.
in SYSTEMPATH\CodeIgniter.php on line 252.
 1 SYSTEMPATH\CodeIgniter.php(252): CodeIgniter\Exceptions\FrameworkException::forMissingExtension('intl')
 2 SYSTEMPATH\CodeIgniter.php(214): CodeIgniter\CodeIgniter->resolvePlatformExtensions()
 3 ROOTPATH\spark(88): CodeIgniter\CodeIgniter->initialize()
CRITICAL - 2024-03-19 08:16:00 --> ErrorException: Uncaught Error: Class "Locale" not found in C:\Users\gunktp14\Desktop\codeigniter4-framework-7d393f8\system\I18n\TimeTrait.php:74
Stack trace:
#0 C:\Users\gunktp14\Desktop\codeigniter4-framework-7d393f8\system\I18n\TimeTrait.php(115): CodeIgniter\I18n\Time->__construct(NULL, NULL, NULL)
#1 C:\Users\gunktp14\Desktop\codeigniter4-framework-7d393f8\system\HTTP\ResponseTrait.php(468): CodeIgniter\I18n\Time::now()
#2 C:\Users\gunktp14\Desktop\codeigniter4-framework-7d393f8\system\HTTP\ResponseTrait.php(446): CodeIgniter\HTTP\Response->sendHeaders()
#3 C:\Users\gunktp14\Desktop\codeigniter4-framework-7d393f8\system\Debug\ExceptionHandler.php(81): CodeIgniter\HTTP\Response->send()
#4 C:\Users\gunktp14\Desktop\codeigniter4-framework-7d393f8\system\Debug\Exceptions.php(156): CodeIgniter\Debug\ExceptionHandler->handle(Object(CodeIgniter\Exceptions\FrameworkException), Object(CodeIgniter\HTTP\IncomingRequest), Object(CodeIgniter\HTTP\Response), 500, 1)
#5 [internal function]: CodeIgniter\Debug\Exceptions->exceptionHandler(Object(CodeIgniter\Exceptions\FrameworkException))
#6 {main}
  thrown
【Previous Exception】
CodeIgniter\Exceptions\FrameworkException
The framework needs the following extension(s) installed and loaded: intl.
#0 C:\Users\gunktp14\Desktop\codeigniter4-framework-7d393f8\system\CodeIgniter.php(252): CodeIgniter\Exceptions\FrameworkException::forMissingExtension('intl')
#1 C:\Users\gunktp14\Desktop\codeigniter4-framework-7d393f8\system\CodeIgniter.php(214): CodeIgniter\CodeIgniter->resolvePlatformExtensions()
#2 C:\Users\gunktp14\Desktop\codeigniter4-framework-7d393f8\spark(88): CodeIgniter\CodeIgniter->initialize()
#3 {main}
in SYSTEMPATH\I18n\TimeTrait.php on line 74.
 1 [internal function]: CodeIgniter\Debug\Exceptions->shutdownHandler()
CRITICAL - 2024-03-19 08:17:02 --> CodeIgniter\Exceptions\FrameworkException: The framework needs the following extension(s) installed and loaded: intl.
in SYSTEMPATH\CodeIgniter.php on line 252.
 1 SYSTEMPATH\CodeIgniter.php(252): CodeIgniter\Exceptions\FrameworkException::forMissingExtension('intl')
 2 SYSTEMPATH\CodeIgniter.php(214): CodeIgniter\CodeIgniter->resolvePlatformExtensions()
 3 ROOTPATH\spark(88): CodeIgniter\CodeIgniter->initialize()
CRITICAL - 2024-03-19 08:17:02 --> ErrorException: Uncaught Error: Class "Locale" not found in C:\xamp\htdocs\bmi-codeig\system\I18n\TimeTrait.php:74
Stack trace:
#0 C:\xamp\htdocs\bmi-codeig\system\I18n\TimeTrait.php(115): CodeIgniter\I18n\Time->__construct(NULL, NULL, NULL)
#1 C:\xamp\htdocs\bmi-codeig\system\HTTP\ResponseTrait.php(468): CodeIgniter\I18n\Time::now()
#2 C:\xamp\htdocs\bmi-codeig\system\HTTP\ResponseTrait.php(446): CodeIgniter\HTTP\Response->sendHeaders()
#3 C:\xamp\htdocs\bmi-codeig\system\Debug\ExceptionHandler.php(81): CodeIgniter\HTTP\Response->send()
#4 C:\xamp\htdocs\bmi-codeig\system\Debug\Exceptions.php(156): CodeIgniter\Debug\ExceptionHandler->handle(Object(CodeIgniter\Exceptions\FrameworkException), Object(CodeIgniter\HTTP\IncomingRequest), Object(CodeIgniter\HTTP\Response), 500, 1)
#5 [internal function]: CodeIgniter\Debug\Exceptions->exceptionHandler(Object(CodeIgniter\Exceptions\FrameworkException))
#6 {main}
  thrown
【Previous Exception】
CodeIgniter\Exceptions\FrameworkException
The framework needs the following extension(s) installed and loaded: intl.
#0 C:\xamp\htdocs\bmi-codeig\system\CodeIgniter.php(252): CodeIgniter\Exceptions\FrameworkException::forMissingExtension('intl')
#1 C:\xamp\htdocs\bmi-codeig\system\CodeIgniter.php(214): CodeIgniter\CodeIgniter->resolvePlatformExtensions()
#2 C:\xamp\htdocs\bmi-codeig\spark(88): CodeIgniter\CodeIgniter->initialize()
#3 {main}
in SYSTEMPATH\I18n\TimeTrait.php on line 74.
 1 [internal function]: CodeIgniter\Debug\Exceptions->shutdownHandler()
CRITICAL - 2024-03-19 14:07:02 --> ErrorException: Undefined variable $footer
in APPPATH\Controllers\Pages.php on line 20.
 1 APPPATH\Controllers\Pages.php(20): CodeIgniter\Debug\Exceptions->errorHandler(2, 'Undefined variable $footer', 'C:\\xamp\\htdocs\\bmi-codeig\\app\\Controllers\\Pages.php', 20)
 2 SYSTEMPATH\CodeIgniter.php(941): App\Controllers\Pages->view('home')
 3 SYSTEMPATH\CodeIgniter.php(502): CodeIgniter\CodeIgniter->runController(Object(App\Controllers\Pages))
 4 SYSTEMPATH\CodeIgniter.php(361): CodeIgniter\CodeIgniter->handleRequest(null, Object(Config\Cache), false)
 5 FCPATH\index.php(79): CodeIgniter\CodeIgniter->run()
 6 SYSTEMPATH\Commands\Server\rewrite.php(47): require_once('C:\\xamp\\htdocs\\bmi-codeig\\public\\index.php')
CRITICAL - 2024-03-19 14:07:06 --> ErrorException: Undefined variable $footer
in APPPATH\Controllers\Pages.php on line 20.
 1 APPPATH\Controllers\Pages.php(20): CodeIgniter\Debug\Exceptions->errorHandler(2, 'Undefined variable $footer', 'C:\\xamp\\htdocs\\bmi-codeig\\app\\Controllers\\Pages.php', 20)
 2 SYSTEMPATH\CodeIgniter.php(941): App\Controllers\Pages->view('Home')
 3 SYSTEMPATH\CodeIgniter.php(502): CodeIgniter\CodeIgniter->runController(Object(App\Controllers\Pages))
 4 SYSTEMPATH\CodeIgniter.php(361): CodeIgniter\CodeIgniter->handleRequest(null, Object(Config\Cache), false)
 5 FCPATH\index.php(79): CodeIgniter\CodeIgniter->run()
 6 SYSTEMPATH\Commands\Server\rewrite.php(47): require_once('C:\\xamp\\htdocs\\bmi-codeig\\public\\index.php')
CRITICAL - 2024-03-19 14:07:14 --> ErrorException: Undefined variable $footer
in APPPATH\Controllers\Pages.php on line 20.
 1 APPPATH\Controllers\Pages.php(20): CodeIgniter\Debug\Exceptions->errorHandler(2, 'Undefined variable $footer', 'C:\\xamp\\htdocs\\bmi-codeig\\app\\Controllers\\Pages.php', 20)
 2 SYSTEMPATH\CodeIgniter.php(941): App\Controllers\Pages->view('home')
 3 SYSTEMPATH\CodeIgniter.php(502): CodeIgniter\CodeIgniter->runController(Object(App\Controllers\Pages))
 4 SYSTEMPATH\CodeIgniter.php(361): CodeIgniter\CodeIgniter->handleRequest(null, Object(Config\Cache), false)
 5 FCPATH\index.php(79): CodeIgniter\CodeIgniter->run()
 6 SYSTEMPATH\Commands\Server\rewrite.php(47): require_once('C:\\xamp\\htdocs\\bmi-codeig\\public\\index.php')
CRITICAL - 2024-03-19 14:20:17 --> ErrorException: Undefined variable $footer
in APPPATH\Controllers\Pages.php on line 20.
 1 APPPATH\Controllers\Pages.php(20): CodeIgniter\Debug\Exceptions->errorHandler(2, 'Undefined variable $footer', 'C:\\xamp\\htdocs\\bmi-codeig\\app\\Controllers\\Pages.php', 20)
 2 SYSTEMPATH\CodeIgniter.php(941): App\Controllers\Pages->view('home')
 3 SYSTEMPATH\CodeIgniter.php(502): CodeIgniter\CodeIgniter->runController(Object(App\Controllers\Pages))
 4 SYSTEMPATH\CodeIgniter.php(361): CodeIgniter\CodeIgniter->handleRequest(null, Object(Config\Cache), false)
 5 FCPATH\index.php(79): CodeIgniter\CodeIgniter->run()
 6 SYSTEMPATH\Commands\Server\rewrite.php(47): require_once('C:\\xamp\\htdocs\\bmi-codeig\\public\\index.php')
CRITICAL - 2024-03-19 14:20:17 --> ErrorException: Undefined variable $footer
in APPPATH\Controllers\Pages.php on line 20.
 1 APPPATH\Controllers\Pages.php(20): CodeIgniter\Debug\Exceptions->errorHandler(2, 'Undefined variable $footer', 'C:\\xamp\\htdocs\\bmi-codeig\\app\\Controllers\\Pages.php', 20)
 2 SYSTEMPATH\CodeIgniter.php(941): App\Controllers\Pages->view('home')
 3 SYSTEMPATH\CodeIgniter.php(502): CodeIgniter\CodeIgniter->runController(Object(App\Controllers\Pages))
 4 SYSTEMPATH\CodeIgniter.php(361): CodeIgniter\CodeIgniter->handleRequest(null, Object(Config\Cache), false)
 5 FCPATH\index.php(79): CodeIgniter\CodeIgniter->run()
 6 SYSTEMPATH\Commands\Server\rewrite.php(47): require_once('C:\\xamp\\htdocs\\bmi-codeig\\public\\index.php')
CRITICAL - 2024-03-19 14:20:57 --> ErrorException: Undefined variable $footer
in APPPATH\Controllers\Pages.php on line 20.
 1 APPPATH\Controllers\Pages.php(20): CodeIgniter\Debug\Exceptions->errorHandler(2, 'Undefined variable $footer', 'C:\\xamp\\htdocs\\bmi-codeig\\app\\Controllers\\Pages.php', 20)
 2 SYSTEMPATH\CodeIgniter.php(941): App\Controllers\Pages->view('home')
 3 SYSTEMPATH\CodeIgniter.php(502): CodeIgniter\CodeIgniter->runController(Object(App\Controllers\Pages))
 4 SYSTEMPATH\CodeIgniter.php(361): CodeIgniter\CodeIgniter->handleRequest(null, Object(Config\Cache), false)
 5 FCPATH\index.php(79): CodeIgniter\CodeIgniter->run()
 6 SYSTEMPATH\Commands\Server\rewrite.php(47): require_once('C:\\xamp\\htdocs\\bmi-codeig\\public\\index.php')
CRITICAL - 2024-03-19 14:22:01 --> ErrorException: Undefined variable $footer
in APPPATH\Controllers\Pages.php on line 20.
 1 APPPATH\Controllers\Pages.php(20): CodeIgniter\Debug\Exceptions->errorHandler(2, 'Undefined variable $footer', 'C:\\xamp\\htdocs\\bmi-codeig\\app\\Controllers\\Pages.php', 20)
 2 SYSTEMPATH\CodeIgniter.php(941): App\Controllers\Pages->view('home')
 3 SYSTEMPATH\CodeIgniter.php(502): CodeIgniter\CodeIgniter->runController(Object(App\Controllers\Pages))
 4 SYSTEMPATH\CodeIgniter.php(361): CodeIgniter\CodeIgniter->handleRequest(null, Object(Config\Cache), false)
 5 FCPATH\index.php(79): CodeIgniter\CodeIgniter->run()
 6 SYSTEMPATH\Commands\Server\rewrite.php(47): require_once('C:\\xamp\\htdocs\\bmi-codeig\\public\\index.php')
CRITICAL - 2024-03-19 14:22:01 --> ErrorException: Undefined variable $footer
in APPPATH\Controllers\Pages.php on line 20.
 1 APPPATH\Controllers\Pages.php(20): CodeIgniter\Debug\Exceptions->errorHandler(2, 'Undefined variable $footer', 'C:\\xamp\\htdocs\\bmi-codeig\\app\\Controllers\\Pages.php', 20)
 2 SYSTEMPATH\CodeIgniter.php(941): App\Controllers\Pages->view('home')
 3 SYSTEMPATH\CodeIgniter.php(502): CodeIgniter\CodeIgniter->runController(Object(App\Controllers\Pages))
 4 SYSTEMPATH\CodeIgniter.php(361): CodeIgniter\CodeIgniter->handleRequest(null, Object(Config\Cache), false)
 5 FCPATH\index.php(79): CodeIgniter\CodeIgniter->run()
 6 SYSTEMPATH\Commands\Server\rewrite.php(47): require_once('C:\\xamp\\htdocs\\bmi-codeig\\public\\index.php')
CRITICAL - 2024-03-19 14:23:30 --> ErrorException: Undefined variable $footer
in APPPATH\Controllers\Pages.php on line 20.
 1 APPPATH\Controllers\Pages.php(20): CodeIgniter\Debug\Exceptions->errorHandler(2, 'Undefined variable $footer', 'C:\\xamp\\htdocs\\bmi-codeig\\app\\Controllers\\Pages.php', 20)
 2 SYSTEMPATH\CodeIgniter.php(941): App\Controllers\Pages->view('home')
 3 SYSTEMPATH\CodeIgniter.php(502): CodeIgniter\CodeIgniter->runController(Object(App\Controllers\Pages))
 4 SYSTEMPATH\CodeIgniter.php(361): CodeIgniter\CodeIgniter->handleRequest(null, Object(Config\Cache), false)
 5 FCPATH\index.php(79): CodeIgniter\CodeIgniter->run()
 6 SYSTEMPATH\Commands\Server\rewrite.php(47): require_once('C:\\xamp\\htdocs\\bmi-codeig\\public\\index.php')
CRITICAL - 2024-03-19 14:23:31 --> ErrorException: Undefined variable $footer
in APPPATH\Controllers\Pages.php on line 20.
 1 APPPATH\Controllers\Pages.php(20): CodeIgniter\Debug\Exceptions->errorHandler(2, 'Undefined variable $footer', 'C:\\xamp\\htdocs\\bmi-codeig\\app\\Controllers\\Pages.php', 20)
 2 SYSTEMPATH\CodeIgniter.php(941): App\Controllers\Pages->view('home')
 3 SYSTEMPATH\CodeIgniter.php(502): CodeIgniter\CodeIgniter->runController(Object(App\Controllers\Pages))
 4 SYSTEMPATH\CodeIgniter.php(361): CodeIgniter\CodeIgniter->handleRequest(null, Object(Config\Cache), false)
 5 FCPATH\index.php(79): CodeIgniter\CodeIgniter->run()
 6 SYSTEMPATH\Commands\Server\rewrite.php(47): require_once('C:\\xamp\\htdocs\\bmi-codeig\\public\\index.php')
CRITICAL - 2024-03-19 14:23:52 --> ErrorException: Undefined variable $footer
in APPPATH\Controllers\Pages.php on line 20.
 1 APPPATH\Controllers\Pages.php(20): CodeIgniter\Debug\Exceptions->errorHandler(2, 'Undefined variable $footer', 'C:\\xamp\\htdocs\\bmi-codeig\\app\\Controllers\\Pages.php', 20)
 2 SYSTEMPATH\CodeIgniter.php(941): App\Controllers\Pages->view('about')
 3 SYSTEMPATH\CodeIgniter.php(502): CodeIgniter\CodeIgniter->runController(Object(App\Controllers\Pages))
 4 SYSTEMPATH\CodeIgniter.php(361): CodeIgniter\CodeIgniter->handleRequest(null, Object(Config\Cache), false)
 5 FCPATH\index.php(79): CodeIgniter\CodeIgniter->run()
 6 SYSTEMPATH\Commands\Server\rewrite.php(47): require_once('C:\\xamp\\htdocs\\bmi-codeig\\public\\index.php')
CRITICAL - 2024-03-19 14:24:40 --> ErrorException: Undefined variable $footer
in APPPATH\Controllers\Pages.php on line 20.
 1 APPPATH\Controllers\Pages.php(20): CodeIgniter\Debug\Exceptions->errorHandler(2, 'Undefined variable $footer', 'C:\\xamp\\htdocs\\bmi-codeig\\app\\Controllers\\Pages.php', 20)
 2 SYSTEMPATH\CodeIgniter.php(941): App\Controllers\Pages->view('home')
 3 SYSTEMPATH\CodeIgniter.php(502): CodeIgniter\CodeIgniter->runController(Object(App\Controllers\Pages))
 4 SYSTEMPATH\CodeIgniter.php(361): CodeIgniter\CodeIgniter->handleRequest(null, Object(Config\Cache), false)
 5 FCPATH\index.php(79): CodeIgniter\CodeIgniter->run()
 6 SYSTEMPATH\Commands\Server\rewrite.php(47): require_once('C:\\xamp\\htdocs\\bmi-codeig\\public\\index.php')
CRITICAL - 2024-03-19 14:24:40 --> ErrorException: Undefined variable $footer
in APPPATH\Controllers\Pages.php on line 20.
 1 APPPATH\Controllers\Pages.php(20): CodeIgniter\Debug\Exceptions->errorHandler(2, 'Undefined variable $footer', 'C:\\xamp\\htdocs\\bmi-codeig\\app\\Controllers\\Pages.php', 20)
 2 SYSTEMPATH\CodeIgniter.php(941): App\Controllers\Pages->view('home')
 3 SYSTEMPATH\CodeIgniter.php(502): CodeIgniter\CodeIgniter->runController(Object(App\Controllers\Pages))
 4 SYSTEMPATH\CodeIgniter.php(361): CodeIgniter\CodeIgniter->handleRequest(null, Object(Config\Cache), false)
 5 FCPATH\index.php(79): CodeIgniter\CodeIgniter->run()
 6 SYSTEMPATH\Commands\Server\rewrite.php(47): require_once('C:\\xamp\\htdocs\\bmi-codeig\\public\\index.php')
CRITICAL - 2024-03-19 14:34:08 --> ErrorException: Undefined variable $footer
in APPPATH\Controllers\Pages.php on line 20.
 1 APPPATH\Controllers\Pages.php(20): CodeIgniter\Debug\Exceptions->errorHandler(2, 'Undefined variable $footer', 'C:\\xamp\\htdocs\\bmi-codeig\\app\\Controllers\\Pages.php', 20)
 2 SYSTEMPATH\CodeIgniter.php(941): App\Controllers\Pages->view('home')
 3 SYSTEMPATH\CodeIgniter.php(502): CodeIgniter\CodeIgniter->runController(Object(App\Controllers\Pages))
 4 SYSTEMPATH\CodeIgniter.php(361): CodeIgniter\CodeIgniter->handleRequest(null, Object(Config\Cache), false)
 5 FCPATH\index.php(79): CodeIgniter\CodeIgniter->run()
 6 SYSTEMPATH\Commands\Server\rewrite.php(47): require_once('C:\\xamp\\htdocs\\bmi-codeig\\public\\index.php')
CRITICAL - 2024-03-19 14:34:08 --> ErrorException: Undefined variable $footer
in APPPATH\Controllers\Pages.php on line 20.
 1 APPPATH\Controllers\Pages.php(20): CodeIgniter\Debug\Exceptions->errorHandler(2, 'Undefined variable $footer', 'C:\\xamp\\htdocs\\bmi-codeig\\app\\Controllers\\Pages.php', 20)
 2 SYSTEMPATH\CodeIgniter.php(941): App\Controllers\Pages->view('home')
 3 SYSTEMPATH\CodeIgniter.php(502): CodeIgniter\CodeIgniter->runController(Object(App\Controllers\Pages))
 4 SYSTEMPATH\CodeIgniter.php(361): CodeIgniter\CodeIgniter->handleRequest(null, Object(Config\Cache), false)
 5 FCPATH\index.php(79): CodeIgniter\CodeIgniter->run()
 6 SYSTEMPATH\Commands\Server\rewrite.php(47): require_once('C:\\xamp\\htdocs\\bmi-codeig\\public\\index.php')
CRITICAL - 2024-03-19 14:35:48 --> ErrorException: Undefined variable $footer
in APPPATH\Controllers\Pages.php on line 20.
 1 APPPATH\Controllers\Pages.php(20): CodeIgniter\Debug\Exceptions->errorHandler(2, 'Undefined variable $footer', 'C:\\xamp\\htdocs\\bmi-codeig\\app\\Controllers\\Pages.php', 20)
 2 SYSTEMPATH\CodeIgniter.php(941): App\Controllers\Pages->view('home')
 3 SYSTEMPATH\CodeIgniter.php(502): CodeIgniter\CodeIgniter->runController(Object(App\Controllers\Pages))
 4 SYSTEMPATH\CodeIgniter.php(361): CodeIgniter\CodeIgniter->handleRequest(null, Object(Config\Cache), false)
 5 FCPATH\index.php(79): CodeIgniter\CodeIgniter->run()
 6 SYSTEMPATH\Commands\Server\rewrite.php(47): require_once('C:\\xamp\\htdocs\\bmi-codeig\\public\\index.php')
CRITICAL - 2024-03-19 14:35:53 --> ErrorException: Undefined variable $footer
in APPPATH\Controllers\Pages.php on line 20.
 1 APPPATH\Controllers\Pages.php(20): CodeIgniter\Debug\Exceptions->errorHandler(2, 'Undefined variable $footer', 'C:\\xamp\\htdocs\\bmi-codeig\\app\\Controllers\\Pages.php', 20)
 2 SYSTEMPATH\CodeIgniter.php(941): App\Controllers\Pages->view('home')
 3 SYSTEMPATH\CodeIgniter.php(502): CodeIgniter\CodeIgniter->runController(Object(App\Controllers\Pages))
 4 SYSTEMPATH\CodeIgniter.php(361): CodeIgniter\CodeIgniter->handleRequest(null, Object(Config\Cache), false)
 5 FCPATH\index.php(79): CodeIgniter\CodeIgniter->run()
 6 SYSTEMPATH\Commands\Server\rewrite.php(47): require_once('C:\\xamp\\htdocs\\bmi-codeig\\public\\index.php')
CRITICAL - 2024-03-19 14:35:53 --> ErrorException: Undefined variable $footer
in APPPATH\Controllers\Pages.php on line 20.
 1 APPPATH\Controllers\Pages.php(20): CodeIgniter\Debug\Exceptions->errorHandler(2, 'Undefined variable $footer', 'C:\\xamp\\htdocs\\bmi-codeig\\app\\Controllers\\Pages.php', 20)
 2 SYSTEMPATH\CodeIgniter.php(941): App\Controllers\Pages->view('home')
 3 SYSTEMPATH\CodeIgniter.php(502): CodeIgniter\CodeIgniter->runController(Object(App\Controllers\Pages))
 4 SYSTEMPATH\CodeIgniter.php(361): CodeIgniter\CodeIgniter->handleRequest(null, Object(Config\Cache), false)
 5 FCPATH\index.php(79): CodeIgniter\CodeIgniter->run()
 6 SYSTEMPATH\Commands\Server\rewrite.php(47): require_once('C:\\xamp\\htdocs\\bmi-codeig\\public\\index.php')
CRITICAL - 2024-03-19 14:35:55 --> ErrorException: Undefined variable $footer
in APPPATH\Controllers\Pages.php on line 20.
 1 APPPATH\Controllers\Pages.php(20): CodeIgniter\Debug\Exceptions->errorHandler(2, 'Undefined variable $footer', 'C:\\xamp\\htdocs\\bmi-codeig\\app\\Controllers\\Pages.php', 20)
 2 SYSTEMPATH\CodeIgniter.php(941): App\Controllers\Pages->view('home')
 3 SYSTEMPATH\CodeIgniter.php(502): CodeIgniter\CodeIgniter->runController(Object(App\Controllers\Pages))
 4 SYSTEMPATH\CodeIgniter.php(361): CodeIgniter\CodeIgniter->handleRequest(null, Object(Config\Cache), false)
 5 FCPATH\index.php(79): CodeIgniter\CodeIgniter->run()
 6 SYSTEMPATH\Commands\Server\rewrite.php(47): require_once('C:\\xamp\\htdocs\\bmi-codeig\\public\\index.php')
CRITICAL - 2024-03-19 14:36:04 --> ErrorException: Undefined variable $footer
in APPPATH\Controllers\Pages.php on line 20.
 1 APPPATH\Controllers\Pages.php(20): CodeIgniter\Debug\Exceptions->errorHandler(2, 'Undefined variable $footer', 'C:\\xamp\\htdocs\\bmi-codeig\\app\\Controllers\\Pages.php', 20)
 2 SYSTEMPATH\CodeIgniter.php(941): App\Controllers\Pages->view()
 3 SYSTEMPATH\CodeIgniter.php(502): CodeIgniter\CodeIgniter->runController(Object(App\Controllers\Pages))
 4 SYSTEMPATH\CodeIgniter.php(361): CodeIgniter\CodeIgniter->handleRequest(null, Object(Config\Cache), false)
 5 FCPATH\index.php(79): CodeIgniter\CodeIgniter->run()
 6 SYSTEMPATH\Commands\Server\rewrite.php(47): require_once('C:\\xamp\\htdocs\\bmi-codeig\\public\\index.php')
CRITICAL - 2024-03-19 14:36:22 --> ErrorException: Undefined variable $footer
in APPPATH\Controllers\Pages.php on line 20.
 1 APPPATH\Controllers\Pages.php(20): CodeIgniter\Debug\Exceptions->errorHandler(2, 'Undefined variable $footer', 'C:\\xamp\\htdocs\\bmi-codeig\\app\\Controllers\\Pages.php', 20)
 2 SYSTEMPATH\CodeIgniter.php(941): App\Controllers\Pages->view()
 3 SYSTEMPATH\CodeIgniter.php(502): CodeIgniter\CodeIgniter->runController(Object(App\Controllers\Pages))
 4 SYSTEMPATH\CodeIgniter.php(361): CodeIgniter\CodeIgniter->handleRequest(null, Object(Config\Cache), false)
 5 FCPATH\index.php(79): CodeIgniter\CodeIgniter->run()
 6 SYSTEMPATH\Commands\Server\rewrite.php(47): require_once('C:\\xamp\\htdocs\\bmi-codeig\\public\\index.php')
CRITICAL - 2024-03-19 14:36:23 --> ErrorException: Undefined variable $footer
in APPPATH\Controllers\Pages.php on line 20.
 1 APPPATH\Controllers\Pages.php(20): CodeIgniter\Debug\Exceptions->errorHandler(2, 'Undefined variable $footer', 'C:\\xamp\\htdocs\\bmi-codeig\\app\\Controllers\\Pages.php', 20)
 2 SYSTEMPATH\CodeIgniter.php(941): App\Controllers\Pages->view()
 3 SYSTEMPATH\CodeIgniter.php(502): CodeIgniter\CodeIgniter->runController(Object(App\Controllers\Pages))
 4 SYSTEMPATH\CodeIgniter.php(361): CodeIgniter\CodeIgniter->handleRequest(null, Object(Config\Cache), false)
 5 FCPATH\index.php(79): CodeIgniter\CodeIgniter->run()
 6 SYSTEMPATH\Commands\Server\rewrite.php(47): require_once('C:\\xamp\\htdocs\\bmi-codeig\\public\\index.php')
CRITICAL - 2024-03-19 14:36:23 --> ErrorException: Undefined variable $footer
in APPPATH\Controllers\Pages.php on line 20.
 1 APPPATH\Controllers\Pages.php(20): CodeIgniter\Debug\Exceptions->errorHandler(2, 'Undefined variable $footer', 'C:\\xamp\\htdocs\\bmi-codeig\\app\\Controllers\\Pages.php', 20)
 2 SYSTEMPATH\CodeIgniter.php(941): App\Controllers\Pages->view()
 3 SYSTEMPATH\CodeIgniter.php(502): CodeIgniter\CodeIgniter->runController(Object(App\Controllers\Pages))
 4 SYSTEMPATH\CodeIgniter.php(361): CodeIgniter\CodeIgniter->handleRequest(null, Object(Config\Cache), false)
 5 FCPATH\index.php(79): CodeIgniter\CodeIgniter->run()
 6 SYSTEMPATH\Commands\Server\rewrite.php(47): require_once('C:\\xamp\\htdocs\\bmi-codeig\\public\\index.php')
CRITICAL - 2024-03-19 14:36:29 --> ErrorException: Undefined variable $footer
in APPPATH\Controllers\Pages.php on line 20.
 1 APPPATH\Controllers\Pages.php(20): CodeIgniter\Debug\Exceptions->errorHandler(2, 'Undefined variable $footer', 'C:\\xamp\\htdocs\\bmi-codeig\\app\\Controllers\\Pages.php', 20)
 2 SYSTEMPATH\CodeIgniter.php(941): App\Controllers\Pages->view()
 3 SYSTEMPATH\CodeIgniter.php(502): CodeIgniter\CodeIgniter->runController(Object(App\Controllers\Pages))
 4 SYSTEMPATH\CodeIgniter.php(361): CodeIgniter\CodeIgniter->handleRequest(null, Object(Config\Cache), false)
 5 FCPATH\index.php(79): CodeIgniter\CodeIgniter->run()
 6 SYSTEMPATH\Commands\Server\rewrite.php(47): require_once('C:\\xamp\\htdocs\\bmi-codeig\\public\\index.php')
CRITICAL - 2024-03-19 14:36:34 --> ErrorException: Undefined variable $data
in APPPATH\Controllers\Pages.php on line 18.
 1 APPPATH\Controllers\Pages.php(18): CodeIgniter\Debug\Exceptions->errorHandler(2, 'Undefined variable $data', 'C:\\xamp\\htdocs\\bmi-codeig\\app\\Controllers\\Pages.php', 18)
 2 SYSTEMPATH\CodeIgniter.php(941): App\Controllers\Pages->view()
 3 SYSTEMPATH\CodeIgniter.php(502): CodeIgniter\CodeIgniter->runController(Object(App\Controllers\Pages))
 4 SYSTEMPATH\CodeIgniter.php(361): CodeIgniter\CodeIgniter->handleRequest(null, Object(Config\Cache), false)
 5 FCPATH\index.php(79): CodeIgniter\CodeIgniter->run()
 6 SYSTEMPATH\Commands\Server\rewrite.php(47): require_once('C:\\xamp\\htdocs\\bmi-codeig\\public\\index.php')
CRITICAL - 2024-03-19 14:36:34 --> ErrorException: Undefined variable $data
in APPPATH\Controllers\Pages.php on line 18.
 1 APPPATH\Controllers\Pages.php(18): CodeIgniter\Debug\Exceptions->errorHandler(2, 'Undefined variable $data', 'C:\\xamp\\htdocs\\bmi-codeig\\app\\Controllers\\Pages.php', 18)
 2 SYSTEMPATH\CodeIgniter.php(941): App\Controllers\Pages->view()
 3 SYSTEMPATH\CodeIgniter.php(502): CodeIgniter\CodeIgniter->runController(Object(App\Controllers\Pages))
 4 SYSTEMPATH\CodeIgniter.php(361): CodeIgniter\CodeIgniter->handleRequest(null, Object(Config\Cache), false)
 5 FCPATH\index.php(79): CodeIgniter\CodeIgniter->run()
 6 SYSTEMPATH\Commands\Server\rewrite.php(47): require_once('C:\\xamp\\htdocs\\bmi-codeig\\public\\index.php')
CRITICAL - 2024-03-19 14:36:35 --> ErrorException: Undefined variable $data
in APPPATH\Controllers\Pages.php on line 18.
 1 APPPATH\Controllers\Pages.php(18): CodeIgniter\Debug\Exceptions->errorHandler(2, 'Undefined variable $data', 'C:\\xamp\\htdocs\\bmi-codeig\\app\\Controllers\\Pages.php', 18)
 2 SYSTEMPATH\CodeIgniter.php(941): App\Controllers\Pages->view()
 3 SYSTEMPATH\CodeIgniter.php(502): CodeIgniter\CodeIgniter->runController(Object(App\Controllers\Pages))
 4 SYSTEMPATH\CodeIgniter.php(361): CodeIgniter\CodeIgniter->handleRequest(null, Object(Config\Cache), false)
 5 FCPATH\index.php(79): CodeIgniter\CodeIgniter->run()
 6 SYSTEMPATH\Commands\Server\rewrite.php(47): require_once('C:\\xamp\\htdocs\\bmi-codeig\\public\\index.php')
CRITICAL - 2024-03-19 14:36:35 --> ErrorException: Undefined variable $data
in APPPATH\Controllers\Pages.php on line 18.
 1 APPPATH\Controllers\Pages.php(18): CodeIgniter\Debug\Exceptions->errorHandler(2, 'Undefined variable $data', 'C:\\xamp\\htdocs\\bmi-codeig\\app\\Controllers\\Pages.php', 18)
 2 SYSTEMPATH\CodeIgniter.php(941): App\Controllers\Pages->view()
 3 SYSTEMPATH\CodeIgniter.php(502): CodeIgniter\CodeIgniter->runController(Object(App\Controllers\Pages))
 4 SYSTEMPATH\CodeIgniter.php(361): CodeIgniter\CodeIgniter->handleRequest(null, Object(Config\Cache), false)
 5 FCPATH\index.php(79): CodeIgniter\CodeIgniter->run()
 6 SYSTEMPATH\Commands\Server\rewrite.php(47): require_once('C:\\xamp\\htdocs\\bmi-codeig\\public\\index.php')
CRITICAL - 2024-03-19 14:36:36 --> ErrorException: Undefined variable $data
in APPPATH\Controllers\Pages.php on line 18.
 1 APPPATH\Controllers\Pages.php(18): CodeIgniter\Debug\Exceptions->errorHandler(2, 'Undefined variable $data', 'C:\\xamp\\htdocs\\bmi-codeig\\app\\Controllers\\Pages.php', 18)
 2 SYSTEMPATH\CodeIgniter.php(941): App\Controllers\Pages->view()
 3 SYSTEMPATH\CodeIgniter.php(502): CodeIgniter\CodeIgniter->runController(Object(App\Controllers\Pages))
 4 SYSTEMPATH\CodeIgniter.php(361): CodeIgniter\CodeIgniter->handleRequest(null, Object(Config\Cache), false)
 5 FCPATH\index.php(79): CodeIgniter\CodeIgniter->run()
 6 SYSTEMPATH\Commands\Server\rewrite.php(47): require_once('C:\\xamp\\htdocs\\bmi-codeig\\public\\index.php')
CRITICAL - 2024-03-19 14:37:01 --> ParseError: syntax error, unexpected token "}", expecting ";"
in APPPATH\Controllers\Pages.php on line 22.
 1 SYSTEMPATH\Autoloader\Autoloader.php(290): CodeIgniter\Autoloader\Autoloader->includeFile('C:\\xamp\\htdocs\\bmi-codeig\\app\\Controllers\\Pages.php')
 2 SYSTEMPATH\Autoloader\Autoloader.php(266): CodeIgniter\Autoloader\Autoloader->loadInNamespace('App\\Controllers\\Pages')
 3 [internal function]: CodeIgniter\Autoloader\Autoloader->loadClass('App\\Controllers\\Pages')
 4 SYSTEMPATH\CodeIgniter.php(899): class_exists('\\App\\Controllers\\Pages', true)
 5 SYSTEMPATH\CodeIgniter.php(489): CodeIgniter\CodeIgniter->startController()
 6 SYSTEMPATH\CodeIgniter.php(361): CodeIgniter\CodeIgniter->handleRequest(null, Object(Config\Cache), false)
 7 FCPATH\index.php(79): CodeIgniter\CodeIgniter->run()
 8 SYSTEMPATH\Commands\Server\rewrite.php(47): require_once('C:\\xamp\\htdocs\\bmi-codeig\\public\\index.php')
CRITICAL - 2024-03-19 14:37:02 --> ParseError: syntax error, unexpected token "}", expecting ";"
in APPPATH\Controllers\Pages.php on line 22.
 1 SYSTEMPATH\Autoloader\Autoloader.php(290): CodeIgniter\Autoloader\Autoloader->includeFile('C:\\xamp\\htdocs\\bmi-codeig\\app\\Controllers\\Pages.php')
 2 SYSTEMPATH\Autoloader\Autoloader.php(266): CodeIgniter\Autoloader\Autoloader->loadInNamespace('App\\Controllers\\Pages')
 3 [internal function]: CodeIgniter\Autoloader\Autoloader->loadClass('App\\Controllers\\Pages')
 4 SYSTEMPATH\CodeIgniter.php(899): class_exists('\\App\\Controllers\\Pages', true)
 5 SYSTEMPATH\CodeIgniter.php(489): CodeIgniter\CodeIgniter->startController()
 6 SYSTEMPATH\CodeIgniter.php(361): CodeIgniter\CodeIgniter->handleRequest(null, Object(Config\Cache), false)
 7 FCPATH\index.php(79): CodeIgniter\CodeIgniter->run()
 8 SYSTEMPATH\Commands\Server\rewrite.php(47): require_once('C:\\xamp\\htdocs\\bmi-codeig\\public\\index.php')
CRITICAL - 2024-03-19 14:37:07 --> ErrorException: Undefined variable $data
in APPPATH\Controllers\Pages.php on line 21.
 1 APPPATH\Controllers\Pages.php(21): CodeIgniter\Debug\Exceptions->errorHandler(2, 'Undefined variable $data', 'C:\\xamp\\htdocs\\bmi-codeig\\app\\Controllers\\Pages.php', 21)
 2 SYSTEMPATH\CodeIgniter.php(941): App\Controllers\Pages->view()
 3 SYSTEMPATH\CodeIgniter.php(502): CodeIgniter\CodeIgniter->runController(Object(App\Controllers\Pages))
 4 SYSTEMPATH\CodeIgniter.php(361): CodeIgniter\CodeIgniter->handleRequest(null, Object(Config\Cache), false)
 5 FCPATH\index.php(79): CodeIgniter\CodeIgniter->run()
 6 SYSTEMPATH\Commands\Server\rewrite.php(47): require_once('C:\\xamp\\htdocs\\bmi-codeig\\public\\index.php')
CRITICAL - 2024-03-19 14:37:08 --> ErrorException: Undefined variable $data
in APPPATH\Controllers\Pages.php on line 21.
 1 APPPATH\Controllers\Pages.php(21): CodeIgniter\Debug\Exceptions->errorHandler(2, 'Undefined variable $data', 'C:\\xamp\\htdocs\\bmi-codeig\\app\\Controllers\\Pages.php', 21)
 2 SYSTEMPATH\CodeIgniter.php(941): App\Controllers\Pages->view()
 3 SYSTEMPATH\CodeIgniter.php(502): CodeIgniter\CodeIgniter->runController(Object(App\Controllers\Pages))
 4 SYSTEMPATH\CodeIgniter.php(361): CodeIgniter\CodeIgniter->handleRequest(null, Object(Config\Cache), false)
 5 FCPATH\index.php(79): CodeIgniter\CodeIgniter->run()
 6 SYSTEMPATH\Commands\Server\rewrite.php(47): require_once('C:\\xamp\\htdocs\\bmi-codeig\\public\\index.php')
CRITICAL - 2024-03-19 14:37:08 --> ErrorException: Undefined variable $data
in APPPATH\Controllers\Pages.php on line 21.
 1 APPPATH\Controllers\Pages.php(21): CodeIgniter\Debug\Exceptions->errorHandler(2, 'Undefined variable $data', 'C:\\xamp\\htdocs\\bmi-codeig\\app\\Controllers\\Pages.php', 21)
 2 SYSTEMPATH\CodeIgniter.php(941): App\Controllers\Pages->view()
 3 SYSTEMPATH\CodeIgniter.php(502): CodeIgniter\CodeIgniter->runController(Object(App\Controllers\Pages))
 4 SYSTEMPATH\CodeIgniter.php(361): CodeIgniter\CodeIgniter->handleRequest(null, Object(Config\Cache), false)
 5 FCPATH\index.php(79): CodeIgniter\CodeIgniter->run()
 6 SYSTEMPATH\Commands\Server\rewrite.php(47): require_once('C:\\xamp\\htdocs\\bmi-codeig\\public\\index.php')
CRITICAL - 2024-03-19 14:37:21 --> ErrorException: Undefined variable $data
in APPPATH\Controllers\Pages.php on line 21.
 1 APPPATH\Controllers\Pages.php(21): CodeIgniter\Debug\Exceptions->errorHandler(2, 'Undefined variable $data', 'C:\\xamp\\htdocs\\bmi-codeig\\app\\Controllers\\Pages.php', 21)
 2 SYSTEMPATH\CodeIgniter.php(941): App\Controllers\Pages->view()
 3 SYSTEMPATH\CodeIgniter.php(502): CodeIgniter\CodeIgniter->runController(Object(App\Controllers\Pages))
 4 SYSTEMPATH\CodeIgniter.php(361): CodeIgniter\CodeIgniter->handleRequest(null, Object(Config\Cache), false)
 5 FCPATH\index.php(79): CodeIgniter\CodeIgniter->run()
 6 SYSTEMPATH\Commands\Server\rewrite.php(47): require_once('C:\\xamp\\htdocs\\bmi-codeig\\public\\index.php')
CRITICAL - 2024-03-19 14:37:38 --> ErrorException: Undefined variable $footer
in APPPATH\Controllers\Pages.php on line 20.
 1 APPPATH\Controllers\Pages.php(20): CodeIgniter\Debug\Exceptions->errorHandler(2, 'Undefined variable $footer', 'C:\\xamp\\htdocs\\bmi-codeig\\app\\Controllers\\Pages.php', 20)
 2 SYSTEMPATH\CodeIgniter.php(941): App\Controllers\Pages->view()
 3 SYSTEMPATH\CodeIgniter.php(502): CodeIgniter\CodeIgniter->runController(Object(App\Controllers\Pages))
 4 SYSTEMPATH\CodeIgniter.php(361): CodeIgniter\CodeIgniter->handleRequest(null, Object(Config\Cache), false)
 5 FCPATH\index.php(79): CodeIgniter\CodeIgniter->run()
 6 SYSTEMPATH\Commands\Server\rewrite.php(47): require_once('C:\\xamp\\htdocs\\bmi-codeig\\public\\index.php')
CRITICAL - 2024-03-19 14:45:39 --> CodeIgniter\View\Exceptions\ViewException: Invalid file: "input_bmi.php"
in SYSTEMPATH\Exceptions\FrameworkException.php on line 39.
 1 SYSTEMPATH\View\View.php(216): CodeIgniter\Exceptions\FrameworkException::forInvalidFile('input_bmi.php')
 2 SYSTEMPATH\Common.php(1178): CodeIgniter\View\View->render('input_bmi', [], true)
 3 APPPATH\Controllers\BMIController.php(23): view('input_bmi')
 4 SYSTEMPATH\CodeIgniter.php(941): App\Controllers\BmiController->showInputForm()
 5 SYSTEMPATH\CodeIgniter.php(502): CodeIgniter\CodeIgniter->runController(Object(App\Controllers\BmiController))
 6 SYSTEMPATH\CodeIgniter.php(361): CodeIgniter\CodeIgniter->handleRequest(null, Object(Config\Cache), false)
 7 FCPATH\index.php(79): CodeIgniter\CodeIgniter->run()
 8 SYSTEMPATH\Commands\Server\rewrite.php(47): require_once('C:\\xamp\\htdocs\\bmi-codeig\\public\\index.php')
